<?xml version="1.0" encoding="UTF-8"?>
<testsuite name="com.example.Selenium_Idea.WandaVisionIMDBTest" tests="1" skipped="0" failures="0" errors="0" timestamp="2021-02-05T12:15:45" hostname="ubuntu" time="43.329">
  <properties/>
  <testcase name="wandaVisionIMDB()" classname="com.example.Selenium_Idea.WandaVisionIMDBTest" time="43.329"/>
  <system-out><![CDATA[]]></system-out>
  <system-err><![CDATA[[Test worker] INFO com.codeborne.selenide.impl.WebDriverThreadLocalContainer - Webdriver has been closed meanwhile. Let's re-create it.
[Test worker] INFO com.codeborne.selenide.drivercommands.CloseDriverCommand - Close webdriver: 11 -> RemoteWebDriver: firefox on LINUX (null)...
[Test worker] INFO com.codeborne.selenide.drivercommands.CloseDriverCommand - Closed webdriver 11 in 0 ms
Feb 05, 2021 1:15:52 PM org.openqa.selenium.remote.ProtocolHandshake createSession
INFO: Detected dialect: W3C
[Test worker] INFO com.codeborne.selenide.webdriver.WebDriverFactory - BrowserName=firefox Version=85.0 Platform=LINUX
[Test worker] INFO com.codeborne.selenide.webdriver.WebDriverFactory - Selenide v. 5.16.2
[Test worker] INFO com.codeborne.selenide.webdriver.WebDriverFactory - Selenium WebDriver v. 3.141.59 build time: 2018-11-14T08:17:03
[Test worker] INFO com.codeborne.selenide.drivercommands.CreateDriverCommand - Create webdriver in current thread 11: RemoteWebDriver -> RemoteWebDriver: firefox on LINUX (b172b1d1-113c-4ab7-87d6-18375ac3ba00)
]]></system-err>
</testsuite>
